<?xml version="1.0" encoding="utf-8"?><testsuites><testsuite name="pytest" errors="0" failures="0" skipped="2" tests="4" time="0.714" timestamp="2023-08-14T15:38:25.432841" hostname="Rohits-MacBook-Pro.local"><testcase classname="test_battery_life_estimator" name="test_import_data_returns_dataframe" time="0.155" /><testcase classname="test_battery_life_estimator" name="test_import_data_columns" time="0.154" /><testcase classname="test_battery_life_estimator" name="test_calc_power_valid_input" time="0.000"><skipped type="pytest.skip" message="Needs more development">/Users/rohitkulkarni/Documents/qa-assessment-repo/test_battery_life_estimator.py:37: Needs more development</skipped></testcase><testcase classname="test_battery_life_estimator" name="test_calc_battery_life_valid_input" time="0.001"><skipped type="pytest.skip" message="Needs more development">/Users/rohitkulkarni/Documents/qa-assessment-repo/test_battery_life_estimator.py:42: Needs more development</skipped></testcase></testsuite></testsuites>